{"error":{},"level":"error","message":"Error in loginUser"}
{"error":{},"level":"error","message":"Error in loginUser"}
{"error":{},"level":"error","message":"Error in loginUser"}
{"count":1,"fcmToken":"e3mJyKzXfFxwbgMi_NB6OY:APA91bGilmQDvcO08drBKMqZFhujCpZ88u7uFEkgF6dW-Ki9Im4PgKXo3YfyKI0r4Ub7oVIZxSOD2RY9KO2hCv1RcbZm-YgKDATY3dlu2fPtwFkTADGkjPI","level":"info","message":"Unset fcmToken for user(s)"}
{"fcmToken":"c_ksO7asDX7VaRA80ouPTX:APA91bExuXw_Skn1zMSsAwoyxkxcynUeZ4fRK16HW88H6dJ3WH4doL1S9TgwFKcAuIzc-9-Nld8d46zYJLiyHIT021m5MnBYWOQ4MJcegQvx4OMCZ8zOxPc","level":"info","message":"FCM message sent","messageId":"projects/toli-toli-bbea0/messages/edcbe58d-ca2c-4c55-876b-7991f34a2b84"}
{"fcmToken":"c_ksO7asDX7VaRA80ouPTX:APA91bExuXw_Skn1zMSsAwoyxkxcynUeZ4fRK16HW88H6dJ3WH4doL1S9TgwFKcAuIzc-9-Nld8d46zYJLiyHIT021m5MnBYWOQ4MJcegQvx4OMCZ8zOxPc","level":"info","message":"FCM message sent","messageId":"projects/toli-toli-bbea0/messages/b49f421d-396b-462a-9a30-7ef0157eed98"}
{"fcmToken":"c_ksO7asDX7VaRA80ouPTX:APA91bGkga1q26BW-Igdq3EyDHOeUjYcHIoZDBLrRSeSXTFla4vbuB6pVpAohpm1moUtZQ6Q2xBp9wirr_wBcrtcSIHtx4iauBJDmxPkStyscCN7J3i5djQ","level":"info","message":"FCM message sent","messageId":"projects/toli-toli-bbea0/messages/fc5fe648-c69d-483a-b06a-98cedb552a0e"}
{"fcmToken":"c_ksO7asDX7VaRA80ouPTX:APA91bGkga1q26BW-Igdq3EyDHOeUjYcHIoZDBLrRSeSXTFla4vbuB6pVpAohpm1moUtZQ6Q2xBp9wirr_wBcrtcSIHtx4iauBJDmxPkStyscCN7J3i5djQ","level":"info","message":"FCM message sent","messageId":"projects/toli-toli-bbea0/messages/2c88f0f2-3687-419b-ae47-cb3127007609"}
{"fcmToken":"c_ksO7asDX7VaRA80ouPTX:APA91bGkga1q26BW-Igdq3EyDHOeUjYcHIoZDBLrRSeSXTFla4vbuB6pVpAohpm1moUtZQ6Q2xBp9wirr_wBcrtcSIHtx4iauBJDmxPkStyscCN7J3i5djQ","level":"info","message":"FCM message sent","messageId":"projects/toli-toli-bbea0/messages/a9ac47c2-2587-4f26-b895-1a89fef6dd02"}
{"fcmToken":"c_ksO7asDX7VaRA80ouPTX:APA91bGkga1q26BW-Igdq3EyDHOeUjYcHIoZDBLrRSeSXTFla4vbuB6pVpAohpm1moUtZQ6Q2xBp9wirr_wBcrtcSIHtx4iauBJDmxPkStyscCN7J3i5djQ","level":"info","message":"FCM message sent","messageId":"projects/toli-toli-bbea0/messages/a05f8a74-2330-43df-8a4b-7641a8e51513"}
{"fcmToken":"c_ksO7asDX7VaRA80ouPTX:APA91bGkga1q26BW-Igdq3EyDHOeUjYcHIoZDBLrRSeSXTFla4vbuB6pVpAohpm1moUtZQ6Q2xBp9wirr_wBcrtcSIHtx4iauBJDmxPkStyscCN7J3i5djQ","level":"info","message":"FCM message sent","messageId":"projects/toli-toli-bbea0/messages/6f9febe3-e757-4064-8156-4ef1581ce504"}
{"fcmToken":"c_ksO7asDX7VaRA80ouPTX:APA91bGkga1q26BW-Igdq3EyDHOeUjYcHIoZDBLrRSeSXTFla4vbuB6pVpAohpm1moUtZQ6Q2xBp9wirr_wBcrtcSIHtx4iauBJDmxPkStyscCN7J3i5djQ","level":"info","message":"FCM message sent","messageId":"projects/toli-toli-bbea0/messages/7b72c69f-a8cc-4c02-b62b-ff92be9479a9"}
{"code":"messaging/registration-token-not-registered","level":"error","message":"FCM send error Requested entity was not found."}
{"count":1,"fcmToken":"c_ksO7asDX7VaRA80ouPTX:APA91bGkga1q26BW-Igdq3EyDHOeUjYcHIoZDBLrRSeSXTFla4vbuB6pVpAohpm1moUtZQ6Q2xBp9wirr_wBcrtcSIHtx4iauBJDmxPkStyscCN7J3i5djQ","level":"info","message":"Unset fcmToken for user(s)"}
{"fcmToken":"dWAk_0AyS9Zig7oGSnWfk3:APA91bEE3tTeQEpjkvd_It5t11m46TTthIUe9kw6RP3B3W1pe-k-svw773DpeJKFhbUXHFkIQHgykUNnfXzbAufuvxsm_Vu3-P6zsDSEsA5p76N_ejB_jos","level":"info","message":"FCM message sent","messageId":"projects/toli-toli-bbea0/messages/5e26bc2a-7b8e-4e70-9ee9-4758f61688f7"}
{"fcmToken":"clSqA4gDYgr657rXp5NUZ7:APA91bGwehgLHcjpWN3_mPUzrqY2QH4vYioKinKVocKqTVY4dMVRCpK8mr7-dtO9jRYhF266NwqE94EM-iFmG0H69O37QfzYCDJ0-ETC0qcYVJqDHLuXE_o","level":"info","message":"FCM message sent","messageId":"projects/toli-toli-bbea0/messages/fc2986b0-1ade-4866-b303-cb4f9b6e18fa"}
{"fcmToken":"clSqA4gDYgr657rXp5NUZ7:APA91bGwehgLHcjpWN3_mPUzrqY2QH4vYioKinKVocKqTVY4dMVRCpK8mr7-dtO9jRYhF266NwqE94EM-iFmG0H69O37QfzYCDJ0-ETC0qcYVJqDHLuXE_o","level":"info","message":"FCM message sent","messageId":"projects/toli-toli-bbea0/messages/a5313ade-a1a1-4ba5-a592-730d64e6127f"}
{"fcmToken":"clSqA4gDYgr657rXp5NUZ7:APA91bGwehgLHcjpWN3_mPUzrqY2QH4vYioKinKVocKqTVY4dMVRCpK8mr7-dtO9jRYhF266NwqE94EM-iFmG0H69O37QfzYCDJ0-ETC0qcYVJqDHLuXE_o","level":"info","message":"FCM message sent","messageId":"projects/toli-toli-bbea0/messages/e1023bdb-a647-4557-8284-fec792010f71"}
{"code":"messaging/registration-token-not-registered","level":"error","message":"FCM send error Requested entity was not found."}
{"count":1,"fcmToken":"clSqA4gDYgr657rXp5NUZ7:APA91bGwehgLHcjpWN3_mPUzrqY2QH4vYioKinKVocKqTVY4dMVRCpK8mr7-dtO9jRYhF266NwqE94EM-iFmG0H69O37QfzYCDJ0-ETC0qcYVJqDHLuXE_o","level":"info","message":"Unset fcmToken for user(s)"}
{"fcmToken":"eyYH8OjVme4_a7YvehbF8B:APA91bEIbP6hMisJedqXeu52UUdo0y36bHQ4bpCcynJF9lOcXcFemxHLS30UwSbCaIUJf9eKlhggBKD69d-RisJxvlENh9k_n8CI59P10NTGzP3XjdZSbp4","level":"info","message":"FCM message sent","messageId":"projects/toli-toli-bbea0/messages/8c26c044-cb9b-4d44-a577-52f02fe7d91e"}
{"fcmToken":"eyYH8OjVme4_a7YvehbF8B:APA91bEIbP6hMisJedqXeu52UUdo0y36bHQ4bpCcynJF9lOcXcFemxHLS30UwSbCaIUJf9eKlhggBKD69d-RisJxvlENh9k_n8CI59P10NTGzP3XjdZSbp4","level":"info","message":"FCM message sent","messageId":"projects/toli-toli-bbea0/messages/75cce68e-1dc1-461d-91dd-115348fa9656"}
{"fcmToken":"eyYH8OjVme4_a7YvehbF8B:APA91bEIbP6hMisJedqXeu52UUdo0y36bHQ4bpCcynJF9lOcXcFemxHLS30UwSbCaIUJf9eKlhggBKD69d-RisJxvlENh9k_n8CI59P10NTGzP3XjdZSbp4","level":"info","message":"FCM message sent","messageId":"projects/toli-toli-bbea0/messages/2822686f-d227-472b-923a-31717efbb89e"}
{"code":"messaging/registration-token-not-registered","level":"error","message":"FCM send error Requested entity was not found."}
{"count":1,"fcmToken":"eyYH8OjVme4_a7YvehbF8B:APA91bEIbP6hMisJedqXeu52UUdo0y36bHQ4bpCcynJF9lOcXcFemxHLS30UwSbCaIUJf9eKlhggBKD69d-RisJxvlENh9k_n8CI59P10NTGzP3XjdZSbp4","level":"info","message":"Unset fcmToken for user(s)"}
{"fcmToken":"dc-LcNBEqzQEcazj0oW_3A:APA91bFPBkkosj9gGqUNmnulf3zpuJOdbRAZUZT6HlgAYr_6mRSQHrO5janiUt1-zXuuRgFRvTZn-mxKnIFyCg_gCxgRtmV6Fce4ef4-v72VjQi7IyEU3-I","level":"info","message":"FCM message sent","messageId":"projects/toli-toli-bbea0/messages/5d354e87-dd81-4de9-b3d3-135c5a16ed01"}
{"fcmToken":"dc-LcNBEqzQEcazj0oW_3A:APA91bEJ6TphU52pv4KMJqNWJMpJo-MvIetxXb_sBpWrFaN05boqWdazmiIWOsrdRo61In1gQgbik63RFrGI165Zha5Qcuhvf1XbWxOFaCupxXdEzPJ_K8A","level":"info","message":"FCM message sent","messageId":"projects/toli-toli-bbea0/messages/0ae5bb95-6807-4813-8011-6d9a0e55c0d0"}
{"fcmToken":"dc-LcNBEqzQEcazj0oW_3A:APA91bEJ6TphU52pv4KMJqNWJMpJo-MvIetxXb_sBpWrFaN05boqWdazmiIWOsrdRo61In1gQgbik63RFrGI165Zha5Qcuhvf1XbWxOFaCupxXdEzPJ_K8A","level":"info","message":"FCM message sent","messageId":"projects/toli-toli-bbea0/messages/90427c2f-5775-4552-b49e-e6b17abb94ef"}
{"fcmToken":"dc-LcNBEqzQEcazj0oW_3A:APA91bEJ6TphU52pv4KMJqNWJMpJo-MvIetxXb_sBpWrFaN05boqWdazmiIWOsrdRo61In1gQgbik63RFrGI165Zha5Qcuhvf1XbWxOFaCupxXdEzPJ_K8A","level":"info","message":"FCM message sent","messageId":"projects/toli-toli-bbea0/messages/a61367a6-e213-4c85-bd86-5b16745b4df4"}
{"fcmToken":"e1-GnjlCu8Kx2cSq55ar7_:APA91bF4A2rERyO5Pn44PZ5hAvWN5smCysSx2DVZH1cJ1Ix4ujzYe8Z4FKFf3bpWpr9BTX1RBHHG26xoE5DtFwAv-vWX6jd3MCG8cvb3u-82ZIVC_qb9k5I","level":"info","message":"FCM message sent","messageId":"projects/toli-toli-bbea0/messages/b1b8150a-3968-4de6-8409-5bb00216dc05"}
{"fcmToken":"e1-GnjlCu8Kx2cSq55ar7_:APA91bF4A2rERyO5Pn44PZ5hAvWN5smCysSx2DVZH1cJ1Ix4ujzYe8Z4FKFf3bpWpr9BTX1RBHHG26xoE5DtFwAv-vWX6jd3MCG8cvb3u-82ZIVC_qb9k5I","level":"info","message":"FCM message sent","messageId":"projects/toli-toli-bbea0/messages/132ca962-e85e-4af4-8e8d-23f12f3e7bd8"}
{"code":"messaging/third-party-auth-error","level":"error","message":"FCM send error Auth error from APNS or Web Push Service"}
{"code":"messaging/third-party-auth-error","level":"error","message":"FCM send error Auth error from APNS or Web Push Service"}
{"code":"messaging/third-party-auth-error","level":"error","message":"FCM send error Auth error from APNS or Web Push Service"}
{"code":"messaging/third-party-auth-error","level":"error","message":"FCM send error Auth error from APNS or Web Push Service"}
{"code":"messaging/third-party-auth-error","level":"error","message":"FCM send error Auth error from APNS or Web Push Service"}
{"code":"messaging/third-party-auth-error","level":"error","message":"FCM send error Auth error from APNS or Web Push Service"}
{"code":"messaging/third-party-auth-error","level":"error","message":"FCM send error Auth error from APNS or Web Push Service"}
{"code":"messaging/third-party-auth-error","level":"error","message":"FCM send error Auth error from APNS or Web Push Service"}
{"code":"messaging/third-party-auth-error","level":"error","message":"FCM send error Auth error from APNS or Web Push Service"}
{"code":"messaging/third-party-auth-error","level":"error","message":"FCM send error Auth error from APNS or Web Push Service"}
{"fcmToken":"dZdmrXqzUEpcR5kc-DtZmJ:APA91bF0PfH3cNOgzycVXMVEOq_cVD0iZZ4dLOnf47ClxlP1DYjWIAJ-znNPghR_TSiO9rd4HY2uauklzkYtySfkQQzOVcopZBForkeL-hOcu7RgEYQHIvI","level":"info","message":"FCM message sent","messageId":"projects/toli-toli-bbea0/messages/36269822-46c6-4e26-9d1b-11be8ebe216d"}
{"code":"messaging/registration-token-not-registered","level":"error","message":"FCM send error Requested entity was not found."}
{"count":1,"fcmToken":"dZdmrXqzUEpcR5kc-DtZmJ:APA91bGLG8NzT42VgUHdAXvEdoQFpk2SMFBGyR2_lwxD0zofSKoUlDI2et5omZFtMsKK9JtN_DfWKzxX0H4ru4zCGm1ZLdHOzHaxYnMGwM7DH2qdr7QAJ_c","level":"info","message":"Unset fcmToken for user(s)"}
{"fcmToken":"dZdmrXqzUEpcR5kc-DtZmJ:APA91bG4Zrnr4PhldoFznvWIWXqN6PVUmi_vy8-mOLGpcjGBDTejdYdvnF7PxkhRDvMJbLDOHhhiuRE2Bmne8h7ZadwryH0SNBDFwELtM_KYqE1_H7aOk3w","level":"info","message":"FCM message sent","messageId":"projects/toli-toli-bbea0/messages/6a088f63-3e09-4b07-b4ed-808500db2e70"}
{"code":"messaging/registration-token-not-registered","level":"error","message":"FCM send error Requested entity was not found."}
{"count":1,"fcmToken":"dZdmrXqzUEpcR5kc-DtZmJ:APA91bG4Zrnr4PhldoFznvWIWXqN6PVUmi_vy8-mOLGpcjGBDTejdYdvnF7PxkhRDvMJbLDOHhhiuRE2Bmne8h7ZadwryH0SNBDFwELtM_KYqE1_H7aOk3w","level":"info","message":"Unset fcmToken for user(s)"}
{"fcmToken":"dZdmrXqzUEpcR5kc-DtZmJ:APA91bG6b4WcNGh3FJ__1De9JhXDGSTr2kACUCQWoo7S7v3iMLgBLGNOMXpm-WGrWoAh0NWTAWwnatayILobvsac58Wtk7vABGsjbTeX9-sRrauLgKAEL90","level":"info","message":"FCM message sent","messageId":"projects/toli-toli-bbea0/messages/dd67fea3-04c4-477b-b8f0-e8938087fd22"}
{"code":"messaging/registration-token-not-registered","level":"error","message":"FCM send error Requested entity was not found."}
{"count":1,"fcmToken":"dZdmrXqzUEpcR5kc-DtZmJ:APA91bG6b4WcNGh3FJ__1De9JhXDGSTr2kACUCQWoo7S7v3iMLgBLGNOMXpm-WGrWoAh0NWTAWwnatayILobvsac58Wtk7vABGsjbTeX9-sRrauLgKAEL90","level":"info","message":"Unset fcmToken for user(s)"}
{"fcmToken":"dZdmrXqzUEpcR5kc-DtZmJ:APA91bGuRAuqe1v4vpKq42f3uwHODZZ4JiRQUYuxyscr90LpyYpNc4qp_rq1FOoPQp8vB-0Yq9JnZLDhQq74nWxy3VT8URgTeJJy2IDpBI-i57tRohGTiJ8","level":"info","message":"FCM message sent","messageId":"projects/toli-toli-bbea0/messages/3498220c-7283-42f0-9c8b-837b7f56d829"}
{"fcmToken":"dYeb89dHJFCh6bMr5gt8i4:APA91bGNhCHVtyhl822ewL-eH0hMR__HEqa3dKMgREgr0REPC_zeTzHFWVBljr_rrXByG9mHbJzkKKc4p0_NX4cny2PM62dzE91m4mB_oipC0RusheGtz-4","level":"info","message":"FCM message sent","messageId":"projects/toli-toli-bbea0/messages/3699c775-fb03-47ae-ab66-e9223bc229b2"}
{"code":"messaging/third-party-auth-error","level":"error","message":"FCM send error Auth error from APNS or Web Push Service"}
{"code":"messaging/third-party-auth-error","level":"error","message":"FCM send error Auth error from APNS or Web Push Service"}
{"code":"messaging/third-party-auth-error","level":"error","message":"FCM send error Auth error from APNS or Web Push Service"}
{"code":"messaging/third-party-auth-error","level":"error","message":"FCM send error Auth error from APNS or Web Push Service"}
{"code":"messaging/third-party-auth-error","level":"error","message":"FCM send error Auth error from APNS or Web Push Service"}
{"code":"messaging/third-party-auth-error","level":"error","message":"FCM send error Auth error from APNS or Web Push Service"}
{"fcmToken":"dZdmrXqzUEpcR5kc-DtZmJ:APA91bGuRAuqe1v4vpKq42f3uwHODZZ4JiRQUYuxyscr90LpyYpNc4qp_rq1FOoPQp8vB-0Yq9JnZLDhQq74nWxy3VT8URgTeJJy2IDpBI-i57tRohGTiJ8","level":"info","message":"FCM message sent","messageId":"projects/toli-toli-bbea0/messages/e0ef5f45-4f8a-408e-85a4-39f231987a72"}
{"fcmToken":"dZdmrXqzUEpcR5kc-DtZmJ:APA91bGuRAuqe1v4vpKq42f3uwHODZZ4JiRQUYuxyscr90LpyYpNc4qp_rq1FOoPQp8vB-0Yq9JnZLDhQq74nWxy3VT8URgTeJJy2IDpBI-i57tRohGTiJ8","level":"info","message":"FCM message sent","messageId":"projects/toli-toli-bbea0/messages/e22053b6-7d5e-4620-8634-ec3756d71c44"}
{"fcmToken":"dZdmrXqzUEpcR5kc-DtZmJ:APA91bGuRAuqe1v4vpKq42f3uwHODZZ4JiRQUYuxyscr90LpyYpNc4qp_rq1FOoPQp8vB-0Yq9JnZLDhQq74nWxy3VT8URgTeJJy2IDpBI-i57tRohGTiJ8","level":"info","message":"FCM message sent","messageId":"projects/toli-toli-bbea0/messages/895e0c13-0ec0-4cf4-97c8-64a09702b71a"}
{"fcmToken":"dYeb89dHJFCh6bMr5gt8i4:APA91bFx9XZPJ7HZV2riZjRQxTj7QJoryQ0W05_8OjISFC5hwFgSX5AKwuRVQVneE-96xBkZZZVUqreKMrzRu0UuotJGTLg2io9CiHzCAaT_sJL0yNeQZI4","level":"info","message":"FCM message sent","messageId":"projects/toli-toli-bbea0/messages/aac6949c-9905-45a1-9d0f-520a2fc710cf"}
{"fcmToken":"dYeb89dHJFCh6bMr5gt8i4:APA91bFx9XZPJ7HZV2riZjRQxTj7QJoryQ0W05_8OjISFC5hwFgSX5AKwuRVQVneE-96xBkZZZVUqreKMrzRu0UuotJGTLg2io9CiHzCAaT_sJL0yNeQZI4","level":"info","message":"FCM message sent","messageId":"projects/toli-toli-bbea0/messages/4294725c-e508-45ff-8e14-955f0a453c4a"}
{"fcmToken":"dZdmrXqzUEpcR5kc-DtZmJ:APA91bG2sMUZUmNSrouLEG6YZYiGj0cnkdw_nrZ39xL_1x42ftmCYRMDlukR2ZWg3tH33r3jjqz17ks6pIGbs3yBpnezmMKIhd5beWn2YElhb_0oBRIKds4","level":"info","message":"FCM message sent","messageId":"projects/toli-toli-bbea0/messages/7963c63a-6dd3-4b52-a62a-97dfe4181d59"}
{"fcmToken":"dZdmrXqzUEpcR5kc-DtZmJ:APA91bG2sMUZUmNSrouLEG6YZYiGj0cnkdw_nrZ39xL_1x42ftmCYRMDlukR2ZWg3tH33r3jjqz17ks6pIGbs3yBpnezmMKIhd5beWn2YElhb_0oBRIKds4","level":"info","message":"FCM message sent","messageId":"projects/toli-toli-bbea0/messages/036ce639-4bc6-4312-8987-de6b658da05d"}
{"fcmToken":"e1-GnjlCu8Kx2cSq55ar7_:APA91bF4A2rERyO5Pn44PZ5hAvWN5smCysSx2DVZH1cJ1Ix4ujzYe8Z4FKFf3bpWpr9BTX1RBHHG26xoE5DtFwAv-vWX6jd3MCG8cvb3u-82ZIVC_qb9k5I","level":"info","message":"FCM message sent","messageId":"projects/toli-toli-bbea0/messages/14846de1-25db-4e51-8f29-35e368a1671a"}
{"fcmToken":"e1-GnjlCu8Kx2cSq55ar7_:APA91bF4A2rERyO5Pn44PZ5hAvWN5smCysSx2DVZH1cJ1Ix4ujzYe8Z4FKFf3bpWpr9BTX1RBHHG26xoE5DtFwAv-vWX6jd3MCG8cvb3u-82ZIVC_qb9k5I","level":"info","message":"FCM message sent","messageId":"projects/toli-toli-bbea0/messages/77237a68-9739-4b07-8c9a-5438762158dc"}
{"fcmToken":"dZdmrXqzUEpcR5kc-DtZmJ:APA91bG2sMUZUmNSrouLEG6YZYiGj0cnkdw_nrZ39xL_1x42ftmCYRMDlukR2ZWg3tH33r3jjqz17ks6pIGbs3yBpnezmMKIhd5beWn2YElhb_0oBRIKds4","level":"info","message":"FCM message sent","messageId":"projects/toli-toli-bbea0/messages/dbe1e387-6cbf-4a7e-82ce-e31b47f4f113"}
{"fcmToken":"dYeb89dHJFCh6bMr5gt8i4:APA91bFx9XZPJ7HZV2riZjRQxTj7QJoryQ0W05_8OjISFC5hwFgSX5AKwuRVQVneE-96xBkZZZVUqreKMrzRu0UuotJGTLg2io9CiHzCAaT_sJL0yNeQZI4","level":"info","message":"FCM message sent","messageId":"projects/toli-toli-bbea0/messages/b577a60d-0c78-4efa-97d4-8489023028f7"}
{"fcmToken":"dZdmrXqzUEpcR5kc-DtZmJ:APA91bG2sMUZUmNSrouLEG6YZYiGj0cnkdw_nrZ39xL_1x42ftmCYRMDlukR2ZWg3tH33r3jjqz17ks6pIGbs3yBpnezmMKIhd5beWn2YElhb_0oBRIKds4","level":"info","message":"FCM message sent","messageId":"projects/toli-toli-bbea0/messages/c1aa1070-2f3b-446b-b669-059dc26c3540"}
{"fcmToken":"dZdmrXqzUEpcR5kc-DtZmJ:APA91bG2sMUZUmNSrouLEG6YZYiGj0cnkdw_nrZ39xL_1x42ftmCYRMDlukR2ZWg3tH33r3jjqz17ks6pIGbs3yBpnezmMKIhd5beWn2YElhb_0oBRIKds4","level":"info","message":"FCM message sent","messageId":"projects/toli-toli-bbea0/messages/7937eaf0-fab6-4cd2-858c-f45c145d646f"}
{"fcmToken":"dZdmrXqzUEpcR5kc-DtZmJ:APA91bG2sMUZUmNSrouLEG6YZYiGj0cnkdw_nrZ39xL_1x42ftmCYRMDlukR2ZWg3tH33r3jjqz17ks6pIGbs3yBpnezmMKIhd5beWn2YElhb_0oBRIKds4","level":"info","message":"FCM message sent","messageId":"projects/toli-toli-bbea0/messages/4f780ca0-d5cb-4745-99db-a6fb324c488f"}
{"fcmToken":"dZdmrXqzUEpcR5kc-DtZmJ:APA91bG2sMUZUmNSrouLEG6YZYiGj0cnkdw_nrZ39xL_1x42ftmCYRMDlukR2ZWg3tH33r3jjqz17ks6pIGbs3yBpnezmMKIhd5beWn2YElhb_0oBRIKds4","level":"info","message":"FCM message sent","messageId":"projects/toli-toli-bbea0/messages/fd7e1096-228b-483e-b10f-b974601ee254"}
{"fcmToken":"dYeb89dHJFCh6bMr5gt8i4:APA91bFx9XZPJ7HZV2riZjRQxTj7QJoryQ0W05_8OjISFC5hwFgSX5AKwuRVQVneE-96xBkZZZVUqreKMrzRu0UuotJGTLg2io9CiHzCAaT_sJL0yNeQZI4","level":"info","message":"FCM message sent","messageId":"projects/toli-toli-bbea0/messages/abbe922e-068d-4f61-92be-bb0359c6ad57"}
{"fcmToken":"dZdmrXqzUEpcR5kc-DtZmJ:APA91bG2sMUZUmNSrouLEG6YZYiGj0cnkdw_nrZ39xL_1x42ftmCYRMDlukR2ZWg3tH33r3jjqz17ks6pIGbs3yBpnezmMKIhd5beWn2YElhb_0oBRIKds4","level":"info","message":"FCM message sent","messageId":"projects/toli-toli-bbea0/messages/bf858c09-57bb-408c-a883-31699d52797c"}
{"code":"messaging/registration-token-not-registered","level":"error","message":"FCM send error Requested entity was not found."}
{"count":1,"fcmToken":"dZdmrXqzUEpcR5kc-DtZmJ:APA91bG2sMUZUmNSrouLEG6YZYiGj0cnkdw_nrZ39xL_1x42ftmCYRMDlukR2ZWg3tH33r3jjqz17ks6pIGbs3yBpnezmMKIhd5beWn2YElhb_0oBRIKds4","level":"info","message":"Unset fcmToken for user(s)"}
{"fcmToken":"f-RWIANMoxo7jVTyg2YLK7:APA91bEE7fLWubhQR3a6U6uncdG6ZjJksq5lt6jHaHW9iOcdJrJ0ksk0Zu8mQ7Vp5SEKUqo7Afc6om10zDy4KVU9gucIPDhduL0N96VJyMzogJbEOgYF5i0","level":"info","message":"FCM message sent","messageId":"projects/toli-toli-bbea0/messages/27a91583-9dad-4389-b359-90dd748eef4b"}
{"fcmToken":"f-RWIANMoxo7jVTyg2YLK7:APA91bEE7fLWubhQR3a6U6uncdG6ZjJksq5lt6jHaHW9iOcdJrJ0ksk0Zu8mQ7Vp5SEKUqo7Afc6om10zDy4KVU9gucIPDhduL0N96VJyMzogJbEOgYF5i0","level":"info","message":"FCM message sent","messageId":"projects/toli-toli-bbea0/messages/103d8a41-f9b7-4547-b25b-6ed340ddf0bf"}
{"fcmToken":"ehBJZlqBjYBdCPiaC9Zq7T:APA91bEpRbooJ027P0ONvBZADyWLo6RZbHYHv0dFsYaqBVFe6Tuq9FtZ0XtWFr7vGW2GCDZuyO8MK2188asTV2HujcWjOb6hXNtagPBG1iidMsrl72BWGLw","level":"info","message":"FCM message sent","messageId":"projects/toli-toli-bbea0/messages/e60dc001-5bea-409c-adbc-be0e68eb1e78"}
{"fcmToken":"f-RWIANMoxo7jVTyg2YLK7:APA91bEE7fLWubhQR3a6U6uncdG6ZjJksq5lt6jHaHW9iOcdJrJ0ksk0Zu8mQ7Vp5SEKUqo7Afc6om10zDy4KVU9gucIPDhduL0N96VJyMzogJbEOgYF5i0","level":"info","message":"FCM message sent","messageId":"projects/toli-toli-bbea0/messages/9d3cfdf4-888e-43de-8c9b-a2114d94c12e"}
{"fcmToken":"f-RWIANMoxo7jVTyg2YLK7:APA91bEE7fLWubhQR3a6U6uncdG6ZjJksq5lt6jHaHW9iOcdJrJ0ksk0Zu8mQ7Vp5SEKUqo7Afc6om10zDy4KVU9gucIPDhduL0N96VJyMzogJbEOgYF5i0","level":"info","message":"FCM message sent","messageId":"projects/toli-toli-bbea0/messages/45afcba3-08e7-4419-9a61-0238b902b23e"}
{"code":"messaging/registration-token-not-registered","level":"error","message":"FCM send error Requested entity was not found."}
{"count":1,"fcmToken":"ehBJZlqBjYBdCPiaC9Zq7T:APA91bGJ7rYcYhN-Y-SQuabSatkJjkMEsb9Nt6c2GMkYYjg6LPsV7Nc9S39I7DhoCvW01K2ARtvX3AZ8Wk8NDY4ax8JQxGzdHaS1Ifng4ObaiPSNckCmMUs","level":"info","message":"Unset fcmToken for user(s)"}
{"fcmToken":"furlx5OBd8YfITdIz21vGQ:APA91bGfCBkV7c7oExltI3Ji2U5xoAyc0d9Ron-O593FeFIfHhfiKXYDuhf0jmDj8o9Nbf_IuELrWVFMzzG6VXYj7yf7O_1RWyZjOsghta4g-pWma_O4Yrc","level":"info","message":"FCM message sent","messageId":"projects/toli-toli-bbea0/messages/e6153f29-45c6-4d77-ba14-845d4df075a8"}
{"fcmToken":"eroThrzDVhXLSRZ3aN_i73:APA91bEUDYg91O2RGBp59Q0WlgnldePzfbUHV0MgDDaLMK3WKMLL20nIfq6LX11uf6DTWiaBPWPs8jFiZTc8_9RS3uRDM9zBZnmEwdBWQrVlR1ynVZXPUes","level":"info","message":"FCM message sent","messageId":"projects/toli-toli-bbea0/messages/5c84676a-f8e8-435e-ac39-0a7f06b16a00"}
{"fcmToken":"dXThCB3LiCELEiTm-fTo3G:APA91bE9-IDSjErhEBxjEta9x_h8bvYwZQhjoTTcuClP7iv1ohY-6x7RtHPgZClae_iQnYlC4U3rv1pEJTmyBeFmeds5ZtBQoToAoUUA6qQeqYdOhY1OzmI","level":"info","message":"FCM message sent","messageId":"projects/toli-toli-bbea0/messages/d90999b6-881c-44fa-899e-7e730b9b6891"}
{"fcmToken":"eroThrzDVhXLSRZ3aN_i73:APA91bEUDYg91O2RGBp59Q0WlgnldePzfbUHV0MgDDaLMK3WKMLL20nIfq6LX11uf6DTWiaBPWPs8jFiZTc8_9RS3uRDM9zBZnmEwdBWQrVlR1ynVZXPUes","level":"info","message":"FCM message sent","messageId":"projects/toli-toli-bbea0/messages/d5691b65-ca8c-473a-81f4-189599d40a99"}
{"fcmToken":"dXThCB3LiCELEiTm-fTo3G:APA91bE9-IDSjErhEBxjEta9x_h8bvYwZQhjoTTcuClP7iv1ohY-6x7RtHPgZClae_iQnYlC4U3rv1pEJTmyBeFmeds5ZtBQoToAoUUA6qQeqYdOhY1OzmI","level":"info","message":"FCM message sent","messageId":"projects/toli-toli-bbea0/messages/d65d0fa1-31b0-4093-a017-86d968a6acda"}
{"fcmToken":"eroThrzDVhXLSRZ3aN_i73:APA91bEUDYg91O2RGBp59Q0WlgnldePzfbUHV0MgDDaLMK3WKMLL20nIfq6LX11uf6DTWiaBPWPs8jFiZTc8_9RS3uRDM9zBZnmEwdBWQrVlR1ynVZXPUes","level":"info","message":"FCM message sent","messageId":"projects/toli-toli-bbea0/messages/ea7cdaa2-b379-4d13-bb99-40a956e1365a"}
{"attempt":0,"fcmToken":"dXThCB3LiCELEiTm-fTo3G:APA91bE9-IDSjErhEBxjEta9x_h8bvYwZQhjoTTcuClP7iv1ohY-6x7RtHPgZClae_iQnYlC4U3rv1pEJTmyBeFmeds5ZtBQoToAoUUA6qQeqYdOhY1OzmI","level":"info","message":"FCM message sent","messageId":"projects/toli-toli-bbea0/messages/87abb964-26c7-4d57-ac61-cc311a2c3282"}
{"attempt":0,"fcmToken":"eroThrzDVhXLSRZ3aN_i73:APA91bEUDYg91O2RGBp59Q0WlgnldePzfbUHV0MgDDaLMK3WKMLL20nIfq6LX11uf6DTWiaBPWPs8jFiZTc8_9RS3uRDM9zBZnmEwdBWQrVlR1ynVZXPUes","level":"info","message":"FCM message sent","messageId":"projects/toli-toli-bbea0/messages/8566629c-7461-42c5-ad81-5bd76140b782"}
{"attempt":0,"fcmToken":"eroThrzDVhXLSRZ3aN_i73:APA91bEUDYg91O2RGBp59Q0WlgnldePzfbUHV0MgDDaLMK3WKMLL20nIfq6LX11uf6DTWiaBPWPs8jFiZTc8_9RS3uRDM9zBZnmEwdBWQrVlR1ynVZXPUes","level":"info","message":"FCM message sent","messageId":"projects/toli-toli-bbea0/messages/2ac645bf-8518-4557-ae01-6aee1309103d"}
{"attempt":0,"fcmToken":"eroThrzDVhXLSRZ3aN_i73:APA91bEUDYg91O2RGBp59Q0WlgnldePzfbUHV0MgDDaLMK3WKMLL20nIfq6LX11uf6DTWiaBPWPs8jFiZTc8_9RS3uRDM9zBZnmEwdBWQrVlR1ynVZXPUes","level":"info","message":"FCM message sent","messageId":"projects/toli-toli-bbea0/messages/6444dd63-8c40-4863-95a5-886c26580634"}
{"attempt":0,"fcmToken":"dxZHNe1gWVEkGGqiS7aII7:APA91bEPEnXiVsuz3LX2dSCxor6ienf12tvntlCyu1ZQfuqANHjIK_U_TAmXItgDAElZekFZ8Ewuk6JIdFpmJz6WcYLaoWp0nLEOK1j5s6mXDo1ghHVW488","level":"info","message":"FCM message sent","messageId":"projects/toli-toli-bbea0/messages/875cf9f8-fb0a-4e55-a7d1-dc42b2d61b79"}
{"attempt":0,"fcmToken":"eroThrzDVhXLSRZ3aN_i73:APA91bEUDYg91O2RGBp59Q0WlgnldePzfbUHV0MgDDaLMK3WKMLL20nIfq6LX11uf6DTWiaBPWPs8jFiZTc8_9RS3uRDM9zBZnmEwdBWQrVlR1ynVZXPUes","level":"info","message":"FCM message sent","messageId":"projects/toli-toli-bbea0/messages/eac65353-bb2c-42ea-b1cf-bc367fc77035"}
{"attempt":0,"fcmToken":"dxZHNe1gWVEkGGqiS7aII7:APA91bEPEnXiVsuz3LX2dSCxor6ienf12tvntlCyu1ZQfuqANHjIK_U_TAmXItgDAElZekFZ8Ewuk6JIdFpmJz6WcYLaoWp0nLEOK1j5s6mXDo1ghHVW488","level":"info","message":"FCM message sent","messageId":"projects/toli-toli-bbea0/messages/7a817390-7745-4bbe-b59b-fbb5b06db6e8"}
{"level":"info","message":"404 Not Found: GET /api/placeApi/placeDetails?place_id=ChIJ-z3wwc1yIRARTZ8tLEbXVsg"}
{"attempt":0,"fcmToken":"dXThCB3LiCELEiTm-fTo3G:APA91bE9-IDSjErhEBxjEta9x_h8bvYwZQhjoTTcuClP7iv1ohY-6x7RtHPgZClae_iQnYlC4U3rv1pEJTmyBeFmeds5ZtBQoToAoUUA6qQeqYdOhY1OzmI","level":"info","message":"FCM message sent","messageId":"projects/toli-toli-bbea0/messages/e9ae4d3e-89ed-48ed-8474-bf169e9ff0f2"}
{"attempt":0,"fcmToken":"eroThrzDVhXLSRZ3aN_i73:APA91bEe2S_GxnrYJVR58zlr9kEQZGhLO0rTRWozwQKdSRiW_cRZeesFgY1qyoGNYqpwmk5yqK_GxY978ZRwlHQpo_dLYOIZhkCLmSDzBu5YqX9-ZZIPZwg","level":"info","message":"FCM message sent","messageId":"projects/toli-toli-bbea0/messages/a6733019-c378-4829-91dc-9446170a4acb"}
{"attempt":0,"fcmToken":"eroThrzDVhXLSRZ3aN_i73:APA91bEe2S_GxnrYJVR58zlr9kEQZGhLO0rTRWozwQKdSRiW_cRZeesFgY1qyoGNYqpwmk5yqK_GxY978ZRwlHQpo_dLYOIZhkCLmSDzBu5YqX9-ZZIPZwg","level":"info","message":"FCM message sent","messageId":"projects/toli-toli-bbea0/messages/de53aa82-e4a6-4dee-a0b1-f9d3f9b704f9"}
{"level":"info","message":"404 Not Found: GET /api/placeApi/reverseGeocode?lat=5.6295424&lng=-0.180224"}
{"level":"info","message":"404 Not Found: GET /api/placeApi/reverseGeocode?lat=5.6295424&lng=-0.180224"}
{"level":"info","message":"404 Not Found: GET /api/placeApi/reverseGeocode?lat=5.6295424&lng=-0.180224"}
{"level":"info","message":"404 Not Found: GET /api/placeApi/reverseGeocode?lat=5.6295424&lng=-0.180224"}
{"level":"info","message":"404 Not Found: GET /api/placeApi/reverseGeocode?lat=5.6295424&lng=-0.180224"}
{"level":"info","message":"404 Not Found: GET /api/placeApi/reverseGeocode?lat=5.6295424&lng=-0.180224"}
{"level":"info","message":"404 Not Found: GET /api/placeApi/reverseGeocode?lat=5.6295424&lng=-0.180224"}
{"level":"info","message":"404 Not Found: GET /api/placeApi/reverseGeocode?lat=5.6295424&lng=-0.180224"}
{"level":"info","message":"404 Not Found: GET /api/placeApi/reverseGeocode?lat=5.6295424&lng=-0.180224"}
{"level":"info","message":"404 Not Found: GET /api/placeApi/reverseGeocode?lat=5.6295424&lng=-0.180224"}
{"attempt":0,"code":"messaging/registration-token-not-registered","level":"error","message":"FCM send error Requested entity was not found."}
{"count":1,"fcmToken":"eroThrzDVhXLSRZ3aN_i73:APA91bEe2S_GxnrYJVR58zlr9kEQZGhLO0rTRWozwQKdSRiW_cRZeesFgY1qyoGNYqpwmk5yqK_GxY978ZRwlHQpo_dLYOIZhkCLmSDzBu5YqX9-ZZIPZwg","level":"info","message":"Unset fcmToken for user(s)"}
{"attempt":0,"fcmToken":"eEU4Q6IJ7BQmktoEtM_xQn:APA91bEL1hwiiWPA1_iBFNQ93QLl9uPpNzhKXAcJPGqjBHk7c7iDVuHnxYZdDJQ-seLho1NRWPrpskkQl_sq8jQoPlmZIYUf93UwIiocwbkhYcXdCuzKYFo","level":"info","message":"FCM message sent","messageId":"projects/toli-toli-bbea0/messages/e1562b87-b883-487b-9fc4-d23d16d1846a"}
{"level":"info","message":"404 Not Found: GET /api/placeApi/reverseGeocode?lat=5.6295424&lng=-0.180224"}
{"level":"info","message":"404 Not Found: GET /api/placeApi/reverseGeocode?lat=5.6295424&lng=-0.180224"}
{"level":"info","message":"404 Not Found: GET /api/placeApi/reverseGeocode?lat=5.6295424&lng=-0.180224"}
{"level":"info","message":"404 Not Found: GET /api/placeApi/reverseGeocode?lat=5.6295424&lng=-0.180224"}
{"level":"info","message":"404 Not Found: GET /api/placeApi/reverseGeocode?lat=5.6295424&lng=-0.180224"}
{"level":"info","message":"404 Not Found: GET /api/placeApi/reverseGeocode?lat=5.6295424&lng=-0.180224"}
{"level":"info","message":"404 Not Found: GET /api/placeApi/reverseGeocode?lat=5.6295424&lng=-0.180224"}
{"level":"info","message":"404 Not Found: GET /api/placeApi/reverseGeocode?lat=5.6295424&lng=-0.180224"}
{"level":"info","message":"404 Not Found: GET /api/placeApi/reverseGeocode?lat=5.6295424&lng=-0.180224"}
{"level":"info","message":"404 Not Found: GET /api/placeApi/reverseGeocode?lat=5.6295424&lng=-0.180224"}
{"level":"info","message":"404 Not Found: GET /api/placeApi/reverseGeocode?lat=5.6295424&lng=-0.180224"}
{"level":"info","message":"404 Not Found: GET /api/placeApi/reverseGeocode?lat=5.6295424&lng=-0.180224"}
{"level":"info","message":"404 Not Found: GET /api/placeApi/reverseGeocode?lat=5.6295424&lng=-0.180224"}
{"level":"info","message":"404 Not Found: GET /api/placeApi/reverseGeocode?lat=5.6295424&lng=-0.180224"}
{"level":"info","message":"404 Not Found: GET /api/placeApi/reverseGeocode?lat=5.6295424&lng=-0.180224"}
{"level":"info","message":"404 Not Found: GET /api/placeApi/reverseGeocode?lat=5.6295424&lng=-0.180224"}
{"level":"info","message":"404 Not Found: GET /api/placeApi/reverseGeocode?lat=5.6295424&lng=-0.180224"}
{"level":"info","message":"404 Not Found: GET /api/placeApi/reverseGeocode?lat=5.6295424&lng=-0.180224"}
{"level":"info","message":"404 Not Found: GET /api/placeApi/reverseGeocode?lat=5.6295424&lng=-0.180224"}
{"level":"info","message":"404 Not Found: GET /api/placeApi/reverseGeocode?lat=5.6295424&lng=-0.180224"}
{"level":"info","message":"404 Not Found: GET /api/placeApi/reverseGeocode?lat=5.6295424&lng=-0.180224"}
